<?xml version="1.0" encoding="UTF-8"?>
<testsuite name="com.kforce.zipcode.process.ZipCodeCombinerTest" tests="4" skipped="0" failures="1" errors="0" timestamp="2019-06-03T12:41:20" hostname="Adithyas-Air" time="0.021">
  <properties/>
  <testcase name="testLoadAfterCallingMerge" classname="com.kforce.zipcode.process.ZipCodeCombinerTest" time="0.005">
    <failure message="junit.framework.AssertionFailedError: expected:&lt;[com.kforce.zipcode.process.ZipCode@89cd8ce, com.kforce.zipcode.process.ZipCode@f741b1, com.kforce.zipcode.process.ZipCode@5ed7117b]&gt; but was:&lt;[com.kforce.zipcode.process.ZipCode@89cd8ce, com.kforce.zipcode.process.ZipCode@4ed4c7b1, com.kforce.zipcode.process.ZipCode@20602c0d, com.kforce.zipcode.process.ZipCode@1a201b79, com.kforce.zipcode.process.ZipCode@7c1a9d8f, com.kforce.zipcode.process.ZipCode@f741b1, com.kforce.zipcode.process.ZipCode@149b24f2, com.kforce.zipcode.process.ZipCode@35ba7228, com.kforce.zipcode.process.ZipCode@5ed7117b]&gt;" type="junit.framework.AssertionFailedError">junit.framework.AssertionFailedError: expected:&lt;[com.kforce.zipcode.process.ZipCode@89cd8ce, com.kforce.zipcode.process.ZipCode@f741b1, com.kforce.zipcode.process.ZipCode@5ed7117b]&gt; but was:&lt;[com.kforce.zipcode.process.ZipCode@89cd8ce, com.kforce.zipcode.process.ZipCode@4ed4c7b1, com.kforce.zipcode.process.ZipCode@20602c0d, com.kforce.zipcode.process.ZipCode@1a201b79, com.kforce.zipcode.process.ZipCode@7c1a9d8f, com.kforce.zipcode.process.ZipCode@f741b1, com.kforce.zipcode.process.ZipCode@149b24f2, com.kforce.zipcode.process.ZipCode@35ba7228, com.kforce.zipcode.process.ZipCode@5ed7117b]&gt;
	at junit.framework.Assert.fail(Assert.java:57)
	at junit.framework.Assert.failNotEquals(Assert.java:329)
	at junit.framework.Assert.assertEquals(Assert.java:78)
	at junit.framework.Assert.assertEquals(Assert.java:86)
	at junit.framework.TestCase.assertEquals(TestCase.java:253)
	at com.kforce.zipcode.process.ZipCodeCombinerTest.testLoadAfterCallingMerge(ZipCodeCombinerTest.java:99)
	at sun.reflect.NativeMethodAccessorImpl.invoke0(Native Method)
	at sun.reflect.NativeMethodAccessorImpl.invoke(NativeMethodAccessorImpl.java:62)
	at sun.reflect.DelegatingMethodAccessorImpl.invoke(DelegatingMethodAccessorImpl.java:43)
	at java.lang.reflect.Method.invoke(Method.java:498)
	at junit.framework.TestCase.runTest(TestCase.java:176)
	at junit.framework.TestCase.runBare(TestCase.java:141)
	at junit.framework.TestResult$1.protect(TestResult.java:122)
	at junit.framework.TestResult.runProtected(TestResult.java:142)
	at junit.framework.TestResult.run(TestResult.java:125)
	at junit.framework.TestCase.run(TestCase.java:129)
	at junit.framework.TestSuite.runTest(TestSuite.java:252)
	at junit.framework.TestSuite.run(TestSuite.java:247)
	at org.junit.internal.runners.JUnit38ClassRunner.run(JUnit38ClassRunner.java:86)
	at org.gradle.api.internal.tasks.testing.junit.JUnitTestClassExecutor.runTestClass(JUnitTestClassExecutor.java:110)
	at org.gradle.api.internal.tasks.testing.junit.JUnitTestClassExecutor.execute(JUnitTestClassExecutor.java:58)
	at org.gradle.api.internal.tasks.testing.junit.JUnitTestClassExecutor.execute(JUnitTestClassExecutor.java:38)
	at org.gradle.api.internal.tasks.testing.junit.AbstractJUnitTestClassProcessor.processTestClass(AbstractJUnitTestClassProcessor.java:62)
	at org.gradle.api.internal.tasks.testing.SuiteTestClassProcessor.processTestClass(SuiteTestClassProcessor.java:51)
	at sun.reflect.NativeMethodAccessorImpl.invoke0(Native Method)
	at sun.reflect.NativeMethodAccessorImpl.invoke(NativeMethodAccessorImpl.java:62)
	at sun.reflect.DelegatingMethodAccessorImpl.invoke(DelegatingMethodAccessorImpl.java:43)
	at java.lang.reflect.Method.invoke(Method.java:498)
	at org.gradle.internal.dispatch.ReflectionDispatch.dispatch(ReflectionDispatch.java:35)
	at org.gradle.internal.dispatch.ReflectionDispatch.dispatch(ReflectionDispatch.java:24)
	at org.gradle.internal.dispatch.ContextClassLoaderDispatch.dispatch(ContextClassLoaderDispatch.java:32)
	at org.gradle.internal.dispatch.ProxyDispatchAdapter$DispatchingInvocationHandler.invoke(ProxyDispatchAdapter.java:93)
	at com.sun.proxy.$Proxy2.processTestClass(Unknown Source)
	at org.gradle.api.internal.tasks.testing.worker.TestWorker.processTestClass(TestWorker.java:118)
	at sun.reflect.NativeMethodAccessorImpl.invoke0(Native Method)
	at sun.reflect.NativeMethodAccessorImpl.invoke(NativeMethodAccessorImpl.java:62)
	at sun.reflect.DelegatingMethodAccessorImpl.invoke(DelegatingMethodAccessorImpl.java:43)
	at java.lang.reflect.Method.invoke(Method.java:498)
	at org.gradle.internal.dispatch.ReflectionDispatch.dispatch(ReflectionDispatch.java:35)
	at org.gradle.internal.dispatch.ReflectionDispatch.dispatch(ReflectionDispatch.java:24)
	at org.gradle.internal.remote.internal.hub.MessageHubBackedObjectConnection$DispatchWrapper.dispatch(MessageHubBackedObjectConnection.java:175)
	at org.gradle.internal.remote.internal.hub.MessageHubBackedObjectConnection$DispatchWrapper.dispatch(MessageHubBackedObjectConnection.java:157)
	at org.gradle.internal.remote.internal.hub.MessageHub$Handler.run(MessageHub.java:404)
	at org.gradle.internal.concurrent.ExecutorPolicy$CatchAndRecordFailures.onExecute(ExecutorPolicy.java:63)
	at org.gradle.internal.concurrent.ManagedExecutorImpl$1.run(ManagedExecutorImpl.java:46)
	at java.util.concurrent.ThreadPoolExecutor.runWorker(ThreadPoolExecutor.java:1149)
	at java.util.concurrent.ThreadPoolExecutor$Worker.run(ThreadPoolExecutor.java:624)
	at org.gradle.internal.concurrent.ThreadFactoryImpl$ManagedThreadRunnable.run(ThreadFactoryImpl.java:55)
	at java.lang.Thread.run(Thread.java:748)
</failure>
  </testcase>
  <testcase name="testMergeZipcodes" classname="com.kforce.zipcode.process.ZipCodeCombinerTest" time="0.015"/>
  <testcase name="testSortingBeforeMerging" classname="com.kforce.zipcode.process.ZipCodeCombinerTest" time="0.0"/>
  <testcase name="testOverlappingRangeToReturnOneRange" classname="com.kforce.zipcode.process.ZipCodeCombinerTest" time="0.0"/>
  <system-out><![CDATA[]]></system-out>
  <system-err><![CDATA[]]></system-err>
</testsuite>
