<?xml version="1.0" encoding="UTF-8"?>
<testsuite name="com.kforce.zipcode.process.ZipCodeCombinerTest" tests="4" skipped="0" failures="0" errors="0" timestamp="2019-06-03T05:12:08" hostname="Adithyas-Air" time="0.015">
  <properties/>
  <testcase name="testLoadAfterCallingMerge" classname="com.kforce.zipcode.process.ZipCodeCombinerTest" time="0.002"/>
  <testcase name="testMergeZipcodes" classname="com.kforce.zipcode.process.ZipCodeCombinerTest" time="0.01"/>
  <testcase name="testSortingBeforeMerging" classname="com.kforce.zipcode.process.ZipCodeCombinerTest" time="0.001"/>
  <testcase name="testOverlappingRangeToReturnOneRange" classname="com.kforce.zipcode.process.ZipCodeCombinerTest" time="0.001"/>
  <system-out><![CDATA[]]></system-out>
  <system-err><![CDATA[]]></system-err>
</testsuite>
